<?xml version="1.0" encoding="UTF-8"?>
<testsuite xmlns:xsi="http://www.w3.org/2001/XMLSchema-instance" xsi:noNamespaceSchemaLocation="https://maven.apache.org/surefire/maven-surefire-plugin/xsd/surefire-test-report.xsd" name="cl.docker.DockerApplicationTests" time="4.778" tests="1" errors="0" skipped="0" failures="0">
  <properties>
    <property name="sun.desktop" value="windows"/>
    <property name="awt.toolkit" value="sun.awt.windows.WToolkit"/>
    <property name="file.encoding.pkg" value="sun.io"/>
    <property name="java.specification.version" value="1.8"/>
    <property name="sun.cpu.isalist" value="amd64"/>
    <property name="sun.jnu.encoding" value="Cp1252"/>
    <property name="java.class.path" value="C:\gitRepo\docker\target\test-classes;C:\gitRepo\docker\target\classes;C:\maven_repo\org\springframework\boot\spring-boot-starter\2.2.6.RELEASE\spring-boot-starter-2.2.6.RELEASE.jar;C:\maven_repo\org\springframework\boot\spring-boot\2.2.6.RELEASE\spring-boot-2.2.6.RELEASE.jar;C:\maven_repo\org\springframework\spring-context\5.2.5.RELEASE\spring-context-5.2.5.RELEASE.jar;C:\maven_repo\org\springframework\spring-expression\5.2.5.RELEASE\spring-expression-5.2.5.RELEASE.jar;C:\maven_repo\org\springframework\boot\spring-boot-autoconfigure\2.2.6.RELEASE\spring-boot-autoconfigure-2.2.6.RELEASE.jar;C:\maven_repo\org\springframework\boot\spring-boot-starter-logging\2.2.6.RELEASE\spring-boot-starter-logging-2.2.6.RELEASE.jar;C:\maven_repo\ch\qos\logback\logback-classic\1.2.3\logback-classic-1.2.3.jar;C:\maven_repo\ch\qos\logback\logback-core\1.2.3\logback-core-1.2.3.jar;C:\maven_repo\org\apache\logging\log4j\log4j-to-slf4j\2.12.1\log4j-to-slf4j-2.12.1.jar;C:\maven_repo\org\apache\logging\log4j\log4j-api\2.12.1\log4j-api-2.12.1.jar;C:\maven_repo\org\slf4j\jul-to-slf4j\1.7.30\jul-to-slf4j-1.7.30.jar;C:\maven_repo\jakarta\annotation\jakarta.annotation-api\1.3.5\jakarta.annotation-api-1.3.5.jar;C:\maven_repo\org\springframework\spring-core\5.2.5.RELEASE\spring-core-5.2.5.RELEASE.jar;C:\maven_repo\org\springframework\spring-jcl\5.2.5.RELEASE\spring-jcl-5.2.5.RELEASE.jar;C:\maven_repo\org\yaml\snakeyaml\1.25\snakeyaml-1.25.jar;C:\maven_repo\org\springframework\boot\spring-boot-starter-test\2.2.6.RELEASE\spring-boot-starter-test-2.2.6.RELEASE.jar;C:\maven_repo\org\springframework\boot\spring-boot-test\2.2.6.RELEASE\spring-boot-test-2.2.6.RELEASE.jar;C:\maven_repo\org\springframework\boot\spring-boot-test-autoconfigure\2.2.6.RELEASE\spring-boot-test-autoconfigure-2.2.6.RELEASE.jar;C:\maven_repo\com\jayway\jsonpath\json-path\2.4.0\json-path-2.4.0.jar;C:\maven_repo\net\minidev\json-smart\2.3\json-smart-2.3.jar;C:\maven_repo\net\minidev\accessors-smart\1.2\accessors-smart-1.2.jar;C:\maven_repo\org\ow2\asm\asm\5.0.4\asm-5.0.4.jar;C:\maven_repo\org\slf4j\slf4j-api\1.7.30\slf4j-api-1.7.30.jar;C:\maven_repo\jakarta\xml\bind\jakarta.xml.bind-api\2.3.3\jakarta.xml.bind-api-2.3.3.jar;C:\maven_repo\org\junit\jupiter\junit-jupiter\5.5.2\junit-jupiter-5.5.2.jar;C:\maven_repo\org\junit\jupiter\junit-jupiter-api\5.5.2\junit-jupiter-api-5.5.2.jar;C:\maven_repo\org\apiguardian\apiguardian-api\1.1.0\apiguardian-api-1.1.0.jar;C:\maven_repo\org\opentest4j\opentest4j\1.2.0\opentest4j-1.2.0.jar;C:\maven_repo\org\junit\platform\junit-platform-commons\1.5.2\junit-platform-commons-1.5.2.jar;C:\maven_repo\org\junit\jupiter\junit-jupiter-params\5.5.2\junit-jupiter-params-5.5.2.jar;C:\maven_repo\org\junit\jupiter\junit-jupiter-engine\5.5.2\junit-jupiter-engine-5.5.2.jar;C:\maven_repo\org\junit\platform\junit-platform-engine\1.5.2\junit-platform-engine-1.5.2.jar;C:\maven_repo\org\mockito\mockito-junit-jupiter\3.1.0\mockito-junit-jupiter-3.1.0.jar;C:\maven_repo\org\assertj\assertj-core\3.13.2\assertj-core-3.13.2.jar;C:\maven_repo\org\hamcrest\hamcrest\2.1\hamcrest-2.1.jar;C:\maven_repo\org\mockito\mockito-core\3.1.0\mockito-core-3.1.0.jar;C:\maven_repo\net\bytebuddy\byte-buddy\1.10.8\byte-buddy-1.10.8.jar;C:\maven_repo\net\bytebuddy\byte-buddy-agent\1.10.8\byte-buddy-agent-1.10.8.jar;C:\maven_repo\org\objenesis\objenesis\2.6\objenesis-2.6.jar;C:\maven_repo\org\skyscreamer\jsonassert\1.5.0\jsonassert-1.5.0.jar;C:\maven_repo\com\vaadin\external\google\android-json\0.0.20131108.vaadin1\android-json-0.0.20131108.vaadin1.jar;C:\maven_repo\org\springframework\spring-test\5.2.5.RELEASE\spring-test-5.2.5.RELEASE.jar;C:\maven_repo\org\xmlunit\xmlunit-core\2.6.4\xmlunit-core-2.6.4.jar;C:\maven_repo\com\oracle\database\jdbc\ojdbc6\11.2.0.4\ojdbc6-11.2.0.4.jar;C:\maven_repo\com\oracle\database\jdbc\ucp\11.2.0.4\ucp-11.2.0.4.jar;C:\maven_repo\com\oracle\database\security\oraclepki\11.2.0.4\oraclepki-11.2.0.4.jar;C:\maven_repo\com\oracle\database\security\osdt_cert\11.2.0.4\osdt_cert-11.2.0.4.jar;C:\maven_repo\com\oracle\database\security\osdt_core\11.2.0.4\osdt_core-11.2.0.4.jar;C:\maven_repo\com\oracle\database\ha\simplefan\11.2.0.4\simplefan-11.2.0.4.jar;C:\maven_repo\com\oracle\database\ha\ons\11.2.0.4\ons-11.2.0.4.jar;C:\maven_repo\org\springframework\boot\spring-boot-starter-data-jpa\2.2.1.RELEASE\spring-boot-starter-data-jpa-2.2.1.RELEASE.jar;C:\maven_repo\org\springframework\boot\spring-boot-starter-aop\2.2.6.RELEASE\spring-boot-starter-aop-2.2.6.RELEASE.jar;C:\maven_repo\org\springframework\spring-aop\5.2.5.RELEASE\spring-aop-5.2.5.RELEASE.jar;C:\maven_repo\org\aspectj\aspectjweaver\1.9.5\aspectjweaver-1.9.5.jar;C:\maven_repo\org\springframework\boot\spring-boot-starter-jdbc\2.2.6.RELEASE\spring-boot-starter-jdbc-2.2.6.RELEASE.jar;C:\maven_repo\com\zaxxer\HikariCP\3.4.2\HikariCP-3.4.2.jar;C:\maven_repo\org\springframework\spring-jdbc\5.2.5.RELEASE\spring-jdbc-5.2.5.RELEASE.jar;C:\maven_repo\jakarta\activation\jakarta.activation-api\1.2.2\jakarta.activation-api-1.2.2.jar;C:\maven_repo\jakarta\persistence\jakarta.persistence-api\2.2.3\jakarta.persistence-api-2.2.3.jar;C:\maven_repo\jakarta\transaction\jakarta.transaction-api\1.3.3\jakarta.transaction-api-1.3.3.jar;C:\maven_repo\org\hibernate\hibernate-core\5.4.12.Final\hibernate-core-5.4.12.Final.jar;C:\maven_repo\org\jboss\logging\jboss-logging\3.4.1.Final\jboss-logging-3.4.1.Final.jar;C:\maven_repo\org\javassist\javassist\3.24.0-GA\javassist-3.24.0-GA.jar;C:\maven_repo\antlr\antlr\2.7.7\antlr-2.7.7.jar;C:\maven_repo\org\jboss\jandex\2.1.1.Final\jandex-2.1.1.Final.jar;C:\maven_repo\com\fasterxml\classmate\1.5.1\classmate-1.5.1.jar;C:\maven_repo\org\dom4j\dom4j\2.1.1\dom4j-2.1.1.jar;C:\maven_repo\org\hibernate\common\hibernate-commons-annotations\5.1.0.Final\hibernate-commons-annotations-5.1.0.Final.jar;C:\maven_repo\org\glassfish\jaxb\jaxb-runtime\2.3.2\jaxb-runtime-2.3.2.jar;C:\maven_repo\org\glassfish\jaxb\txw2\2.3.2\txw2-2.3.2.jar;C:\maven_repo\com\sun\istack\istack-commons-runtime\3.0.8\istack-commons-runtime-3.0.8.jar;C:\maven_repo\org\jvnet\staxex\stax-ex\1.8.1\stax-ex-1.8.1.jar;C:\maven_repo\com\sun\xml\fastinfoset\FastInfoset\1.2.16\FastInfoset-1.2.16.jar;C:\maven_repo\org\springframework\data\spring-data-jpa\2.2.6.RELEASE\spring-data-jpa-2.2.6.RELEASE.jar;C:\maven_repo\org\springframework\data\spring-data-commons\2.2.6.RELEASE\spring-data-commons-2.2.6.RELEASE.jar;C:\maven_repo\org\springframework\spring-orm\5.2.5.RELEASE\spring-orm-5.2.5.RELEASE.jar;C:\maven_repo\org\springframework\spring-tx\5.2.5.RELEASE\spring-tx-5.2.5.RELEASE.jar;C:\maven_repo\org\springframework\spring-beans\5.2.5.RELEASE\spring-beans-5.2.5.RELEASE.jar;C:\maven_repo\org\springframework\spring-aspects\5.2.5.RELEASE\spring-aspects-5.2.5.RELEASE.jar;"/>
    <property name="java.vm.vendor" value="Oracle Corporation"/>
    <property name="sun.arch.data.model" value="64"/>
    <property name="user.variant" value=""/>
    <property name="java.vendor.url" value="http://java.oracle.com/"/>
    <property name="user.timezone" value="America/Santiago"/>
    <property name="java.vm.specification.version" value="1.8"/>
    <property name="os.name" value="Windows 10"/>
    <property name="user.country" value="CL"/>
    <property name="sun.java.launcher" value="SUN_STANDARD"/>
    <property name="sun.boot.library.path" value="C:\Program Files\Java\jdk1.8.0_181\jre\bin"/>
    <property name="sun.java.command" value="C:\Users\Claudio\AppData\Local\Temp\surefire8801057281056012418\surefirebooter5048034456865826800.jar C:\Users\Claudio\AppData\Local\Temp\surefire8801057281056012418 2020-05-04T17-30-21_457-jvmRun1 surefire5135977133139351640tmp surefire_06079027513858058511tmp"/>
    <property name="surefire.test.class.path" value="C:\gitRepo\docker\target\test-classes;C:\gitRepo\docker\target\classes;C:\maven_repo\org\springframework\boot\spring-boot-starter\2.2.6.RELEASE\spring-boot-starter-2.2.6.RELEASE.jar;C:\maven_repo\org\springframework\boot\spring-boot\2.2.6.RELEASE\spring-boot-2.2.6.RELEASE.jar;C:\maven_repo\org\springframework\spring-context\5.2.5.RELEASE\spring-context-5.2.5.RELEASE.jar;C:\maven_repo\org\springframework\spring-expression\5.2.5.RELEASE\spring-expression-5.2.5.RELEASE.jar;C:\maven_repo\org\springframework\boot\spring-boot-autoconfigure\2.2.6.RELEASE\spring-boot-autoconfigure-2.2.6.RELEASE.jar;C:\maven_repo\org\springframework\boot\spring-boot-starter-logging\2.2.6.RELEASE\spring-boot-starter-logging-2.2.6.RELEASE.jar;C:\maven_repo\ch\qos\logback\logback-classic\1.2.3\logback-classic-1.2.3.jar;C:\maven_repo\ch\qos\logback\logback-core\1.2.3\logback-core-1.2.3.jar;C:\maven_repo\org\apache\logging\log4j\log4j-to-slf4j\2.12.1\log4j-to-slf4j-2.12.1.jar;C:\maven_repo\org\apache\logging\log4j\log4j-api\2.12.1\log4j-api-2.12.1.jar;C:\maven_repo\org\slf4j\jul-to-slf4j\1.7.30\jul-to-slf4j-1.7.30.jar;C:\maven_repo\jakarta\annotation\jakarta.annotation-api\1.3.5\jakarta.annotation-api-1.3.5.jar;C:\maven_repo\org\springframework\spring-core\5.2.5.RELEASE\spring-core-5.2.5.RELEASE.jar;C:\maven_repo\org\springframework\spring-jcl\5.2.5.RELEASE\spring-jcl-5.2.5.RELEASE.jar;C:\maven_repo\org\yaml\snakeyaml\1.25\snakeyaml-1.25.jar;C:\maven_repo\org\springframework\boot\spring-boot-starter-test\2.2.6.RELEASE\spring-boot-starter-test-2.2.6.RELEASE.jar;C:\maven_repo\org\springframework\boot\spring-boot-test\2.2.6.RELEASE\spring-boot-test-2.2.6.RELEASE.jar;C:\maven_repo\org\springframework\boot\spring-boot-test-autoconfigure\2.2.6.RELEASE\spring-boot-test-autoconfigure-2.2.6.RELEASE.jar;C:\maven_repo\com\jayway\jsonpath\json-path\2.4.0\json-path-2.4.0.jar;C:\maven_repo\net\minidev\json-smart\2.3\json-smart-2.3.jar;C:\maven_repo\net\minidev\accessors-smart\1.2\accessors-smart-1.2.jar;C:\maven_repo\org\ow2\asm\asm\5.0.4\asm-5.0.4.jar;C:\maven_repo\org\slf4j\slf4j-api\1.7.30\slf4j-api-1.7.30.jar;C:\maven_repo\jakarta\xml\bind\jakarta.xml.bind-api\2.3.3\jakarta.xml.bind-api-2.3.3.jar;C:\maven_repo\org\junit\jupiter\junit-jupiter\5.5.2\junit-jupiter-5.5.2.jar;C:\maven_repo\org\junit\jupiter\junit-jupiter-api\5.5.2\junit-jupiter-api-5.5.2.jar;C:\maven_repo\org\apiguardian\apiguardian-api\1.1.0\apiguardian-api-1.1.0.jar;C:\maven_repo\org\opentest4j\opentest4j\1.2.0\opentest4j-1.2.0.jar;C:\maven_repo\org\junit\platform\junit-platform-commons\1.5.2\junit-platform-commons-1.5.2.jar;C:\maven_repo\org\junit\jupiter\junit-jupiter-params\5.5.2\junit-jupiter-params-5.5.2.jar;C:\maven_repo\org\junit\jupiter\junit-jupiter-engine\5.5.2\junit-jupiter-engine-5.5.2.jar;C:\maven_repo\org\junit\platform\junit-platform-engine\1.5.2\junit-platform-engine-1.5.2.jar;C:\maven_repo\org\mockito\mockito-junit-jupiter\3.1.0\mockito-junit-jupiter-3.1.0.jar;C:\maven_repo\org\assertj\assertj-core\3.13.2\assertj-core-3.13.2.jar;C:\maven_repo\org\hamcrest\hamcrest\2.1\hamcrest-2.1.jar;C:\maven_repo\org\mockito\mockito-core\3.1.0\mockito-core-3.1.0.jar;C:\maven_repo\net\bytebuddy\byte-buddy\1.10.8\byte-buddy-1.10.8.jar;C:\maven_repo\net\bytebuddy\byte-buddy-agent\1.10.8\byte-buddy-agent-1.10.8.jar;C:\maven_repo\org\objenesis\objenesis\2.6\objenesis-2.6.jar;C:\maven_repo\org\skyscreamer\jsonassert\1.5.0\jsonassert-1.5.0.jar;C:\maven_repo\com\vaadin\external\google\android-json\0.0.20131108.vaadin1\android-json-0.0.20131108.vaadin1.jar;C:\maven_repo\org\springframework\spring-test\5.2.5.RELEASE\spring-test-5.2.5.RELEASE.jar;C:\maven_repo\org\xmlunit\xmlunit-core\2.6.4\xmlunit-core-2.6.4.jar;C:\maven_repo\com\oracle\database\jdbc\ojdbc6\11.2.0.4\ojdbc6-11.2.0.4.jar;C:\maven_repo\com\oracle\database\jdbc\ucp\11.2.0.4\ucp-11.2.0.4.jar;C:\maven_repo\com\oracle\database\security\oraclepki\11.2.0.4\oraclepki-11.2.0.4.jar;C:\maven_repo\com\oracle\database\security\osdt_cert\11.2.0.4\osdt_cert-11.2.0.4.jar;C:\maven_repo\com\oracle\database\security\osdt_core\11.2.0.4\osdt_core-11.2.0.4.jar;C:\maven_repo\com\oracle\database\ha\simplefan\11.2.0.4\simplefan-11.2.0.4.jar;C:\maven_repo\com\oracle\database\ha\ons\11.2.0.4\ons-11.2.0.4.jar;C:\maven_repo\org\springframework\boot\spring-boot-starter-data-jpa\2.2.1.RELEASE\spring-boot-starter-data-jpa-2.2.1.RELEASE.jar;C:\maven_repo\org\springframework\boot\spring-boot-starter-aop\2.2.6.RELEASE\spring-boot-starter-aop-2.2.6.RELEASE.jar;C:\maven_repo\org\springframework\spring-aop\5.2.5.RELEASE\spring-aop-5.2.5.RELEASE.jar;C:\maven_repo\org\aspectj\aspectjweaver\1.9.5\aspectjweaver-1.9.5.jar;C:\maven_repo\org\springframework\boot\spring-boot-starter-jdbc\2.2.6.RELEASE\spring-boot-starter-jdbc-2.2.6.RELEASE.jar;C:\maven_repo\com\zaxxer\HikariCP\3.4.2\HikariCP-3.4.2.jar;C:\maven_repo\org\springframework\spring-jdbc\5.2.5.RELEASE\spring-jdbc-5.2.5.RELEASE.jar;C:\maven_repo\jakarta\activation\jakarta.activation-api\1.2.2\jakarta.activation-api-1.2.2.jar;C:\maven_repo\jakarta\persistence\jakarta.persistence-api\2.2.3\jakarta.persistence-api-2.2.3.jar;C:\maven_repo\jakarta\transaction\jakarta.transaction-api\1.3.3\jakarta.transaction-api-1.3.3.jar;C:\maven_repo\org\hibernate\hibernate-core\5.4.12.Final\hibernate-core-5.4.12.Final.jar;C:\maven_repo\org\jboss\logging\jboss-logging\3.4.1.Final\jboss-logging-3.4.1.Final.jar;C:\maven_repo\org\javassist\javassist\3.24.0-GA\javassist-3.24.0-GA.jar;C:\maven_repo\antlr\antlr\2.7.7\antlr-2.7.7.jar;C:\maven_repo\org\jboss\jandex\2.1.1.Final\jandex-2.1.1.Final.jar;C:\maven_repo\com\fasterxml\classmate\1.5.1\classmate-1.5.1.jar;C:\maven_repo\org\dom4j\dom4j\2.1.1\dom4j-2.1.1.jar;C:\maven_repo\org\hibernate\common\hibernate-commons-annotations\5.1.0.Final\hibernate-commons-annotations-5.1.0.Final.jar;C:\maven_repo\org\glassfish\jaxb\jaxb-runtime\2.3.2\jaxb-runtime-2.3.2.jar;C:\maven_repo\org\glassfish\jaxb\txw2\2.3.2\txw2-2.3.2.jar;C:\maven_repo\com\sun\istack\istack-commons-runtime\3.0.8\istack-commons-runtime-3.0.8.jar;C:\maven_repo\org\jvnet\staxex\stax-ex\1.8.1\stax-ex-1.8.1.jar;C:\maven_repo\com\sun\xml\fastinfoset\FastInfoset\1.2.16\FastInfoset-1.2.16.jar;C:\maven_repo\org\springframework\data\spring-data-jpa\2.2.6.RELEASE\spring-data-jpa-2.2.6.RELEASE.jar;C:\maven_repo\org\springframework\data\spring-data-commons\2.2.6.RELEASE\spring-data-commons-2.2.6.RELEASE.jar;C:\maven_repo\org\springframework\spring-orm\5.2.5.RELEASE\spring-orm-5.2.5.RELEASE.jar;C:\maven_repo\org\springframework\spring-tx\5.2.5.RELEASE\spring-tx-5.2.5.RELEASE.jar;C:\maven_repo\org\springframework\spring-beans\5.2.5.RELEASE\spring-beans-5.2.5.RELEASE.jar;C:\maven_repo\org\springframework\spring-aspects\5.2.5.RELEASE\spring-aspects-5.2.5.RELEASE.jar;"/>
    <property name="sun.cpu.endian" value="little"/>
    <property name="user.home" value="C:\Users\Claudio"/>
    <property name="user.language" value="es"/>
    <property name="java.specification.vendor" value="Oracle Corporation"/>
    <property name="java.home" value="C:\Program Files\Java\jdk1.8.0_181\jre"/>
    <property name="basedir" value="C:\gitRepo\docker"/>
    <property name="file.separator" value="\"/>
    <property name="line.separator" value="&#10;"/>
    <property name="java.vm.specification.vendor" value="Oracle Corporation"/>
    <property name="java.specification.name" value="Java Platform API Specification"/>
    <property name="java.awt.graphicsenv" value="sun.awt.Win32GraphicsEnvironment"/>
    <property name="surefire.real.class.path" value="C:\Users\Claudio\AppData\Local\Temp\surefire8801057281056012418\surefirebooter5048034456865826800.jar"/>
    <property name="sun.boot.class.path" value="C:\Program Files\Java\jdk1.8.0_181\jre\lib\resources.jar;C:\Program Files\Java\jdk1.8.0_181\jre\lib\rt.jar;C:\Program Files\Java\jdk1.8.0_181\jre\lib\sunrsasign.jar;C:\Program Files\Java\jdk1.8.0_181\jre\lib\jsse.jar;C:\Program Files\Java\jdk1.8.0_181\jre\lib\jce.jar;C:\Program Files\Java\jdk1.8.0_181\jre\lib\charsets.jar;C:\Program Files\Java\jdk1.8.0_181\jre\lib\jfr.jar;C:\Program Files\Java\jdk1.8.0_181\jre\classes"/>
    <property name="user.script" value=""/>
    <property name="sun.management.compiler" value="HotSpot 64-Bit Tiered Compilers"/>
    <property name="java.runtime.version" value="1.8.0_181-b13"/>
    <property name="user.name" value="Claudio"/>
    <property name="path.separator" value=";"/>
    <property name="os.version" value="10.0"/>
    <property name="java.endorsed.dirs" value="C:\Program Files\Java\jdk1.8.0_181\jre\lib\endorsed"/>
    <property name="java.runtime.name" value="Java(TM) SE Runtime Environment"/>
    <property name="file.encoding" value="Cp1252"/>
    <property name="java.vm.name" value="Java HotSpot(TM) 64-Bit Server VM"/>
    <property name="localRepository" value="C:\maven_repo"/>
    <property name="java.vendor.url.bug" value="http://bugreport.sun.com/bugreport/"/>
    <property name="java.io.tmpdir" value="C:\Users\Claudio\AppData\Local\Temp\"/>
    <property name="java.version" value="1.8.0_181"/>
    <property name="user.dir" value="C:\gitRepo\docker"/>
    <property name="os.arch" value="amd64"/>
    <property name="java.vm.specification.name" value="Java Virtual Machine Specification"/>
    <property name="java.awt.printerjob" value="sun.awt.windows.WPrinterJob"/>
    <property name="sun.os.patch.level" value=""/>
    <property name="java.library.path" value="C:\Program Files\Java\jdk1.8.0_181\jre\bin;C:\WINDOWS\Sun\Java\bin;C:\WINDOWS\system32;C:\WINDOWS;C:\oraclexe\app\oracle\product\11.2.0\server\bin;C:\Program Files (x86)\Common Files\Oracle\Java\javapath;C:\WINDOWS\system32;C:\WINDOWS;C:\WINDOWS\System32\Wbem;C:\WINDOWS\System32\WindowsPowerShell\v1.0\;C:\apache-maven-3.5.4\bin;C:\apache-maven-3.5.4\bin;C:\Program Files\Java\jdk1.8.0_181\bin;C:\apache-tomcat-7.0.90-windows-x64\apache-tomcat-7.0.90\bin;C:\WINDOWS\System32\OpenSSH\;C:\Program Files (x86)\Intel\Intel(R) Management Engine Components\DAL;C:\Program Files\Intel\Intel(R) Management Engine Components\DAL;C:\Program Files\nodejs\;C:\Program Files\PuTTY\;C:\Program Files\Git\cmd;C:\Program Files\Docker\Docker\resources\bin;C:\ProgramData\DockerDesktop\version-bin;C:\Users\Claudio\AppData\Local\Microsoft\WindowsApps;;C:\Users\Claudio\AppData\Local\Programs\Microsoft VS Code\bin;C:\Users\Claudio\AppData\Roaming\npm;."/>
    <property name="java.vm.info" value="mixed mode"/>
    <property name="java.vendor" value="Oracle Corporation"/>
    <property name="java.vm.version" value="25.181-b13"/>
    <property name="java.ext.dirs" value="C:\Program Files\Java\jdk1.8.0_181\jre\lib\ext;C:\WINDOWS\Sun\Java\lib\ext"/>
    <property name="sun.io.unicode.encoding" value="UnicodeLittle"/>
    <property name="java.class.version" value="52.0"/>
  </properties>
  <testcase name="contextLoads" classname="cl.docker.DockerApplicationTests" time="0.075"/>
</testsuite>